<?xml version="1.0" encoding="UTF-8"?>
<testng-results ignored="0" total="2" passed="0" failed="2" skipped="0">
  <reporter-output>
  </reporter-output>
  <suite started-at="2026-04-17T17:50:16 AST" name="AutomationExercise UI Suite" finished-at="2026-04-17T17:50:16 AST" duration-ms="198">
    <groups>
      <group name="regression">
        <method signature="RegisterUserTest.registerUser()[pri:0, instance:com.automationexercise.tests.RegisterUserTest@3eb25e1a]" name="registerUser" class="com.automationexercise.tests.RegisterUserTest"/>
        <method signature="RegisterUserTest.registerUser()[pri:0, instance:com.automationexercise.tests.RegisterUserTest@49e5f737]" name="registerUser" class="com.automationexercise.tests.RegisterUserTest"/>
      </group> <!-- regression -->
      <group name="smoke">
        <method signature="RegisterUserTest.registerUser()[pri:0, instance:com.automationexercise.tests.RegisterUserTest@3eb25e1a]" name="registerUser" class="com.automationexercise.tests.RegisterUserTest"/>
        <method signature="RegisterUserTest.registerUser()[pri:0, instance:com.automationexercise.tests.RegisterUserTest@49e5f737]" name="registerUser" class="com.automationexercise.tests.RegisterUserTest"/>
      </group> <!-- smoke -->
    </groups>
    <test started-at="2026-04-17T17:50:16 AST" name="Smoke Tests" finished-at="2026-04-17T17:50:16 AST" duration-ms="186">
      <class name="com.automationexercise.tests.RegisterUserTest">
        <test-method signature="registerUser()[pri:0, instance:com.automationexercise.tests.RegisterUserTest@3eb25e1a]" started-at="2026-04-17T17:50:16 AST" name="registerUser" finished-at="2026-04-17T17:50:16 AST" duration-ms="164" status="FAIL">
          <exception class="java.lang.ExceptionInInitializerError">
            <full-stacktrace>
              <![CDATA[java.lang.ExceptionInInitializerError
at com.framework.ui.base.BasePage.findElement(BasePage.java:42)
at com.framework.ui.base.BasePage.isDisplayed(BasePage.java:214)
at com.automationexercise.pages.HomePage.isHomePageVisible(HomePage.java:41)
at com.automationexercise.tests.RegisterUserTest.registerUser(RegisterUserTest.java:24)
at java.base/jdk.internal.reflect.DirectMethodHandleAccessor.invoke(DirectMethodHandleAccessor.java:103)
at java.base/java.lang.reflect.Method.invoke(Method.java:580)
at org.testng.internal.invokers.MethodInvocationHelper.invokeMethod(MethodInvocationHelper.java:141)
at org.testng.internal.invokers.TestInvoker.invokeMethod(TestInvoker.java:687)
at org.testng.internal.invokers.TestInvoker.invokeTestMethod(TestInvoker.java:230)
at org.testng.internal.invokers.MethodRunner.runInSequence(MethodRunner.java:63)
at org.testng.internal.invokers.TestInvoker$MethodInvocationAgent.invoke(TestInvoker.java:995)
at org.testng.internal.invokers.TestInvoker.invokeTestMethods(TestInvoker.java:203)
at org.testng.internal.invokers.TestMethodWorker.invokeTestMethods(TestMethodWorker.java:154)
at org.testng.internal.invokers.TestMethodWorker.run(TestMethodWorker.java:134)
at java.base/java.util.ArrayList.forEach(ArrayList.java:1596)
at org.testng.TestRunner.privateRun(TestRunner.java:741)
at org.testng.TestRunner.run(TestRunner.java:616)
at org.testng.SuiteRunner.runTest(SuiteRunner.java:421)
at org.testng.SuiteRunner.runSequentially(SuiteRunner.java:413)
at org.testng.SuiteRunner.privateRun(SuiteRunner.java:373)
at org.testng.SuiteRunner.run(SuiteRunner.java:312)
at org.testng.SuiteRunnerWorker.runSuite(SuiteRunnerWorker.java:52)
at org.testng.SuiteRunnerWorker.run(SuiteRunnerWorker.java:95)
at org.testng.TestNG.runSuitesSequentially(TestNG.java:1274)
at org.testng.TestNG.runSuitesLocally(TestNG.java:1208)
at org.testng.TestNG.runSuites(TestNG.java:1112)
at org.testng.TestNG.run(TestNG.java:1079)
at org.testng.remote.AbstractRemoteTestNG.run(AbstractRemoteTestNG.java:115)
at org.testng.remote.RemoteTestNG.initAndRun(RemoteTestNG.java:293)
at org.testng.remote.RemoteTestNG.main(RemoteTestNG.java:91)
Caused by: java.lang.NumberFormatException: Cannot parse null string
at java.base/java.lang.Integer.parseInt(Integer.java:624)
at java.base/java.lang.Integer.parseInt(Integer.java:778)
at com.framework.core.config.ConfigManager.getInt(ConfigManager.java:54)
at com.framework.ui.utils.WaitUtils.<clinit>(WaitUtils.java:23)
... 30 more
]]>
            </full-stacktrace>
          </exception> <!-- java.lang.ExceptionInInitializerError -->
          <reporter-output>
          </reporter-output>
        </test-method> <!-- registerUser -->
        <test-method is-config="true" signature="closeBrowser()[pri:0, instance:com.automationexercise.tests.RegisterUserTest@3eb25e1a]" started-at="2026-04-17T17:50:16 AST" name="closeBrowser" finished-at="2026-04-17T17:50:16 AST" duration-ms="0" status="PASS">
          <reporter-output>
          </reporter-output>
        </test-method> <!-- closeBrowser -->
      </class> <!-- com.automationexercise.tests.RegisterUserTest -->
    </test> <!-- Smoke Tests -->
    <test started-at="2026-04-17T17:50:16 AST" name="Regression Tests" finished-at="2026-04-17T17:50:16 AST" duration-ms="2">
      <class name="com.automationexercise.tests.RegisterUserTest">
        <test-method signature="registerUser()[pri:0, instance:com.automationexercise.tests.RegisterUserTest@49e5f737]" started-at="2026-04-17T17:50:16 AST" name="registerUser" finished-at="2026-04-17T17:50:16 AST" duration-ms="0" status="FAIL">
          <exception class="java.lang.NoClassDefFoundError">
            <message>
              <![CDATA[Could not initialize class com.framework.ui.utils.WaitUtils]]>
            </message>
            <full-stacktrace>
              <![CDATA[java.lang.NoClassDefFoundError: Could not initialize class com.framework.ui.utils.WaitUtils
at com.framework.ui.base.BasePage.findElement(BasePage.java:42)
at com.framework.ui.base.BasePage.isDisplayed(BasePage.java:214)
at com.automationexercise.pages.HomePage.isHomePageVisible(HomePage.java:41)
at com.automationexercise.tests.RegisterUserTest.registerUser(RegisterUserTest.java:24)
at java.base/jdk.internal.reflect.DirectMethodHandleAccessor.invoke(DirectMethodHandleAccessor.java:103)
at java.base/java.lang.reflect.Method.invoke(Method.java:580)
at org.testng.internal.invokers.MethodInvocationHelper.invokeMethod(MethodInvocationHelper.java:141)
at org.testng.internal.invokers.TestInvoker.invokeMethod(TestInvoker.java:687)
at org.testng.internal.invokers.TestInvoker.invokeTestMethod(TestInvoker.java:230)
at org.testng.internal.invokers.MethodRunner.runInSequence(MethodRunner.java:63)
at org.testng.internal.invokers.TestInvoker$MethodInvocationAgent.invoke(TestInvoker.java:995)
at org.testng.internal.invokers.TestInvoker.invokeTestMethods(TestInvoker.java:203)
at org.testng.internal.invokers.TestMethodWorker.invokeTestMethods(TestMethodWorker.java:154)
at org.testng.internal.invokers.TestMethodWorker.run(TestMethodWorker.java:134)
at java.base/java.util.ArrayList.forEach(ArrayList.java:1596)
at org.testng.TestRunner.privateRun(TestRunner.java:741)
at org.testng.TestRunner.run(TestRunner.java:616)
at org.testng.SuiteRunner.runTest(SuiteRunner.java:421)
at org.testng.SuiteRunner.runSequentially(SuiteRunner.java:413)
at org.testng.SuiteRunner.privateRun(SuiteRunner.java:373)
at org.testng.SuiteRunner.run(SuiteRunner.java:312)
at org.testng.SuiteRunnerWorker.runSuite(SuiteRunnerWorker.java:52)
at org.testng.SuiteRunnerWorker.run(SuiteRunnerWorker.java:95)
at org.testng.TestNG.runSuitesSequentially(TestNG.java:1274)
at org.testng.TestNG.runSuitesLocally(TestNG.java:1208)
at org.testng.TestNG.runSuites(TestNG.java:1112)
at org.testng.TestNG.run(TestNG.java:1079)
at org.testng.remote.AbstractRemoteTestNG.run(AbstractRemoteTestNG.java:115)
at org.testng.remote.RemoteTestNG.initAndRun(RemoteTestNG.java:293)
at org.testng.remote.RemoteTestNG.main(RemoteTestNG.java:91)
Caused by: java.lang.ExceptionInInitializerError: Exception java.lang.NumberFormatException: Cannot parse null string [in thread "main"]
at java.base/java.lang.Integer.parseInt(Integer.java:624)
at java.base/java.lang.Integer.parseInt(Integer.java:778)
at com.framework.core.config.ConfigManager.getInt(ConfigManager.java:54)
at com.framework.ui.utils.WaitUtils.<clinit>(WaitUtils.java:23)
... 30 more
]]>
            </full-stacktrace>
          </exception> <!-- java.lang.NoClassDefFoundError -->
          <reporter-output>
          </reporter-output>
        </test-method> <!-- registerUser -->
        <test-method is-config="true" signature="closeBrowser()[pri:0, instance:com.automationexercise.tests.RegisterUserTest@49e5f737]" started-at="2026-04-17T17:50:16 AST" name="closeBrowser" finished-at="2026-04-17T17:50:16 AST" duration-ms="0" status="PASS">
          <reporter-output>
          </reporter-output>
        </test-method> <!-- closeBrowser -->
      </class> <!-- com.automationexercise.tests.RegisterUserTest -->
    </test> <!-- Regression Tests -->
  </suite> <!-- AutomationExercise UI Suite -->
</testng-results>
