<?xml version="1.0" encoding="UTF-8"?>
<!-- Generated by org.testng.reporters.JUnitXMLReporter -->
<testsuite ignored="0" hostname="Mac" failures="1" tests="1" name="Smoke Tests" time="0.186" errors="0" timestamp="2026-04-17T17:50:16 AST">
  <testcase classname="com.automationexercise.tests.RegisterUserTest" name="registerUser" time="0.164">
    <failure type="java.lang.ExceptionInInitializerError">
      <![CDATA[java.lang.ExceptionInInitializerError
at com.framework.ui.base.BasePage.findElement(BasePage.java:42)
at com.framework.ui.base.BasePage.isDisplayed(BasePage.java:214)
at com.automationexercise.pages.HomePage.isHomePageVisible(HomePage.java:41)
at com.automationexercise.tests.RegisterUserTest.registerUser(RegisterUserTest.java:24)
at java.base/java.util.ArrayList.forEach(ArrayList.java:1596)
Caused by: java.lang.NumberFormatException: Cannot parse null string
at java.base/java.lang.Integer.parseInt(Integer.java:624)
at java.base/java.lang.Integer.parseInt(Integer.java:778)
at com.framework.core.config.ConfigManager.getInt(ConfigManager.java:54)
at com.framework.ui.utils.WaitUtils.<clinit>(WaitUtils.java:23)
... 30 more
... Removed 25 stack frames]]>
    </failure>
  </testcase> <!-- registerUser -->
</testsuite> <!-- Smoke Tests -->
